2023.05.23 15:42:12 INFO  Started: Metals version 0.11.12 in workspace '/Users/DaniTatt/code/oss/contentless' for client Visual Studio Code 1.78.2.[0m
May 23, 2023 3:42:12 PM org.flywaydb.core.internal.license.VersionPrinter printVersionOnly
INFO: Flyway Community Edition 9.16.3 by Redgate
May 23, 2023 3:42:12 PM org.flywaydb.core.internal.license.VersionPrinter printVersion
INFO: See release notes here: https://rd.gt/416ObMi
May 23, 2023 3:42:12 PM org.flywaydb.core.internal.license.VersionPrinter printVersion
INFO: 
May 23, 2023 3:42:13 PM org.flywaydb.core.internal.database.base.BaseDatabaseType createDatabase
INFO: Database: jdbc:h2:file:/Users/DaniTatt/code/oss/contentless/.metals/metals (H2 2.1)
May 23, 2023 3:42:13 PM org.flywaydb.core.internal.schemahistory.JdbcTableSchemaHistory allAppliedMigrations
INFO: Schema history table "PUBLIC"."flyway_schema_history" does not exist yet
May 23, 2023 3:42:13 PM org.flywaydb.core.internal.command.DbValidate validate
INFO: Successfully validated 4 migrations (execution time 00:00.023s)
May 23, 2023 3:42:13 PM org.flywaydb.core.internal.schemahistory.JdbcTableSchemaHistory create
INFO: Creating Schema History table "PUBLIC"."flyway_schema_history" ...
May 23, 2023 3:42:13 PM org.flywaydb.core.internal.command.DbMigrate migrateGroup
INFO: Current version of schema "PUBLIC": << Empty Schema >>
May 23, 2023 3:42:13 PM org.flywaydb.core.internal.command.DbMigrate doMigrateGroup
INFO: Migrating schema "PUBLIC" to version "1 - Create tables"
May 23, 2023 3:42:13 PM org.flywaydb.core.internal.command.DbMigrate doMigrateGroup
INFO: Migrating schema "PUBLIC" to version "2 - Server discovery"
May 23, 2023 3:42:13 PM org.flywaydb.core.internal.command.DbMigrate doMigrateGroup
INFO: Migrating schema "PUBLIC" to version "3 - Jar symbols"
May 23, 2023 3:42:13 PM org.flywaydb.core.internal.command.DbMigrate doMigrateGroup
INFO: Migrating schema "PUBLIC" to version "4 - Fingerprints"
May 23, 2023 3:42:13 PM org.flywaydb.core.internal.command.DbMigrate logSummary
INFO: Successfully applied 4 migrations to schema "PUBLIC", now at version v4 (execution time 00:00.099s)
2023.05.23 15:42:13 INFO  time: initialize in 0.78s[0m
2023.05.23 15:42:18 WARN  Build server is not auto-connectable.[0m
2023.05.23 15:42:18 WARN  no build tool detected in workspace '/Users/DaniTatt/code/oss/contentless'. The most common cause for this problem is that the editor was opened in the wrong working directory, for example if you use sbt then the workspace directory should contain build.sbt. [0m
2023.05.23 15:42:18 WARN  no build target for: /Users/DaniTatt/.sbt/1.0/sonatype.sbt[0m
